d:\github cloned repositories\simple-openvr-driver-tutorial\driver_example.dir\debug\vc142.pdb
d:\github cloned repositories\simple-openvr-driver-tutorial\driver_example.dir\debug\driverfactory.obj
d:\github cloned repositories\simple-openvr-driver-tutorial\driver_example.dir\debug\vrdriver.obj
d:\github cloned repositories\simple-openvr-driver-tutorial\driver_example.dir\debug\trackingreferencedevice.obj
d:\github cloned repositories\simple-openvr-driver-tutorial\driver_example.dir\debug\trackerdevice.obj
d:\github cloned repositories\simple-openvr-driver-tutorial\driver_example.dir\debug\hmddevice.obj
d:\github cloned repositories\simple-openvr-driver-tutorial\driver_example.dir\debug\controllerdevice.obj
d:\github cloned repositories\simple-openvr-driver-tutorial\cmakefiles\generate.stamp
d:\github cloned repositories\simple-openvr-driver-tutorial\debug\driver_example.lib
d:\github cloned repositories\simple-openvr-driver-tutorial\debug\driver_example.exp
d:\github cloned repositories\simple-openvr-driver-tutorial\debug\driver_example.dll
d:\github cloned repositories\simple-openvr-driver-tutorial\driver_example.dir\debug\driver_example.ilk
d:\github cloned repositories\simple-openvr-driver-tutorial\debug\driver_example.pdb
d:\github cloned repositories\simple-openvr-driver-tutorial\driver_example.dir\debug\driver_example.tlog\cl.command.1.tlog
d:\github cloned repositories\simple-openvr-driver-tutorial\driver_example.dir\debug\driver_example.tlog\cl.read.1.tlog
d:\github cloned repositories\simple-openvr-driver-tutorial\driver_example.dir\debug\driver_example.tlog\cl.write.1.tlog
d:\github cloned repositories\simple-openvr-driver-tutorial\driver_example.dir\debug\driver_example.tlog\custombuild.command.1.tlog
d:\github cloned repositories\simple-openvr-driver-tutorial\driver_example.dir\debug\driver_example.tlog\custombuild.read.1.tlog
d:\github cloned repositories\simple-openvr-driver-tutorial\driver_example.dir\debug\driver_example.tlog\custombuild.write.1.tlog
d:\github cloned repositories\simple-openvr-driver-tutorial\driver_example.dir\debug\driver_example.tlog\driver_example.write.1u.tlog
d:\github cloned repositories\simple-openvr-driver-tutorial\driver_example.dir\debug\driver_example.tlog\link.command.1.tlog
d:\github cloned repositories\simple-openvr-driver-tutorial\driver_example.dir\debug\driver_example.tlog\link.read.1.tlog
d:\github cloned repositories\simple-openvr-driver-tutorial\driver_example.dir\debug\driver_example.tlog\link.write.1.tlog
